1694609335009	geckodriver	INFO	Listening on 127.0.0.1:54354
1694609340665	mozrunner::runner	INFO	Running command: "C:\\Program Files\\Mozilla Firefox\\firefox.exe" "--marionette" "--remote-debugging-port" "54355" "--remote-allow-hosts" "localhost" "-no-remote" "-profile" "C:\\Users\\OSCARP~1\\AppData\\Local\\Temp\\rust_mozprofiles9wkSL"
console.warn: services.settings: Ignoring preference override of remote settings server
console.warn: services.settings: Allow by setting MOZ_REMOTE_SETTINGS_DEVTOOLS=1 in the environment
1694609341541	Marionette	INFO	Marionette enabled
Dynamically enable window occlusion 0
1694609341656	Marionette	INFO	Listening on port 54365
WebDriver BiDi listening on ws://127.0.0.1:54355
Read port: 54365
1694609341995	RemoteAgent	WARN	TLS certificate errors will be ignored for this session
DevTools listening on ws://127.0.0.1:54355/devtools/browser/d4abec0b-42b9-4e4c-8bb2-cac2209036da
JavaScript error: resource://gre/modules/PromiseWorker.sys.mjs, line 102: Error: Could not get children of file(C:\Users\OSCARP~1\AppData\Local\Temp\rust_mozprofiles9wkSL\thumbnails) because it does not exist
JavaScript warning: https://static.licdn.com/aero-v1/sc/h/9fcwfgv7lapgsaftq0nip57hv, line 11864: unreachable code after return statement
JavaScript error: , line 0: uncaught exception: Object
JavaScript warning: https://static.licdn.com/sc/h/5soyzzyxt32xpeav15k39wmxs, line 1: WEBGL_debug_renderer_info is deprecated in Firefox and will be removed. Please use RENDERER.
JavaScript warning: https://static.licdn.com/sc/h/5soyzzyxt32xpeav15k39wmxs, line 1: WEBGL_debug_renderer_info is deprecated in Firefox and will be removed. Please use RENDERER.
console.warn: LoginRecipes: "Falling back to a synchronous message for: https://www.linkedin.com."
console.warn: LoginRecipes: "Falling back to a synchronous message for: https://www.linkedin.com."
JavaScript warning: https://static.licdn.com/aero-v1/sc/h/9fcwfgv7lapgsaftq0nip57hv, line 11864: unreachable code after return statement
JavaScript error: , line 0: uncaught exception: Object
JavaScript warning: https://static.licdn.com/aero-v1/sc/h/9fcwfgv7lapgsaftq0nip57hv, line 11864: unreachable code after return statement
JavaScript warning: https://static.licdn.com/aero-v1/sc/h/9fcwfgv7lapgsaftq0nip57hv, line 11864: unreachable code after return statement
